2025-11-21 12:15:09,911 ERROR: Exception on /explore [GET] [in /Users/carmichaelnjoroge/microblog/venv/lib/python3.10/site-packages/flask/app.py:875]
Traceback (most recent call last):
  File "/Users/carmichaelnjoroge/microblog/venv/lib/python3.10/site-packages/flask/app.py", line 1511, in wsgi_app
    response = self.full_dispatch_request()
  File "/Users/carmichaelnjoroge/microblog/venv/lib/python3.10/site-packages/flask/app.py", line 919, in full_dispatch_request
    rv = self.handle_user_exception(e)
  File "/Users/carmichaelnjoroge/microblog/venv/lib/python3.10/site-packages/flask/app.py", line 917, in full_dispatch_request
    rv = self.dispatch_request()
  File "/Users/carmichaelnjoroge/microblog/venv/lib/python3.10/site-packages/flask/app.py", line 902, in dispatch_request
    return self.ensure_sync(self.view_functions[rule.endpoint])(**view_args)  # type: ignore[no-any-return]
  File "/Users/carmichaelnjoroge/microblog/venv/lib/python3.10/site-packages/flask_login/utils.py", line 290, in decorated_view
    return current_app.ensure_sync(func)(*args, **kwargs)
  File "/Users/carmichaelnjoroge/microblog/app/routes.py", line 143, in explore
    return render_template('index', title='Explore', posts=posts)
  File "/Users/carmichaelnjoroge/microblog/venv/lib/python3.10/site-packages/flask/templating.py", line 149, in render_template
    template = app.jinja_env.get_or_select_template(template_name_or_list)
  File "/Users/carmichaelnjoroge/microblog/venv/lib/python3.10/site-packages/jinja2/environment.py", line 1087, in get_or_select_template
    return self.get_template(template_name_or_list, parent, globals)
  File "/Users/carmichaelnjoroge/microblog/venv/lib/python3.10/site-packages/jinja2/environment.py", line 1016, in get_template
    return self._load_template(name, globals)
  File "/Users/carmichaelnjoroge/microblog/venv/lib/python3.10/site-packages/jinja2/environment.py", line 975, in _load_template
    template = self.loader.load(self, name, self.make_globals(globals))
  File "/Users/carmichaelnjoroge/microblog/venv/lib/python3.10/site-packages/jinja2/loaders.py", line 126, in load
    source, filename, uptodate = self.get_source(environment, name)
  File "/Users/carmichaelnjoroge/microblog/venv/lib/python3.10/site-packages/flask/templating.py", line 65, in get_source
    return self._get_source_fast(environment, template)
  File "/Users/carmichaelnjoroge/microblog/venv/lib/python3.10/site-packages/flask/templating.py", line 99, in _get_source_fast
    raise TemplateNotFound(template)
jinja2.exceptions.TemplateNotFound: index
2025-11-21 12:18:12,133 INFO: Microblog startup [in /Users/carmichaelnjoroge/microblog/app/__init__.py:46]
2025-11-21 12:29:16,563 INFO: Microblog startup [in /Users/carmichaelnjoroge/microblog/app/__init__.py:46]
2025-11-21 16:04:44,291 INFO: Microblog startup [in /Users/carmichaelnjoroge/microblog/app/__init__.py:46]
2025-11-21 16:04:46,572 ERROR: Exception on / [GET] [in /Users/carmichaelnjoroge/microblog/venv/lib/python3.10/site-packages/flask/app.py:875]
Traceback (most recent call last):
  File "/Users/carmichaelnjoroge/microblog/venv/lib/python3.10/site-packages/flask/app.py", line 1511, in wsgi_app
    response = self.full_dispatch_request()
  File "/Users/carmichaelnjoroge/microblog/venv/lib/python3.10/site-packages/flask/app.py", line 919, in full_dispatch_request
    rv = self.handle_user_exception(e)
  File "/Users/carmichaelnjoroge/microblog/venv/lib/python3.10/site-packages/flask/app.py", line 917, in full_dispatch_request
    rv = self.dispatch_request()
  File "/Users/carmichaelnjoroge/microblog/venv/lib/python3.10/site-packages/flask/app.py", line 902, in dispatch_request
    return self.ensure_sync(self.view_functions[rule.endpoint])(**view_args)  # type: ignore[no-any-return]
  File "/Users/carmichaelnjoroge/microblog/venv/lib/python3.10/site-packages/flask_login/utils.py", line 290, in decorated_view
    return current_app.ensure_sync(func)(*args, **kwargs)
  File "/Users/carmichaelnjoroge/microblog/app/routes.py", line 22, in index
    posts = current_user.followed_posts().paginate(page, app.config['POSTS_PER_PAGE'], False)
TypeError: Query.paginate() takes 1 positional argument but 4 were given
2025-11-21 16:05:03,246 ERROR: Exception on /index [GET] [in /Users/carmichaelnjoroge/microblog/venv/lib/python3.10/site-packages/flask/app.py:875]
Traceback (most recent call last):
  File "/Users/carmichaelnjoroge/microblog/venv/lib/python3.10/site-packages/flask/app.py", line 1511, in wsgi_app
    response = self.full_dispatch_request()
  File "/Users/carmichaelnjoroge/microblog/venv/lib/python3.10/site-packages/flask/app.py", line 919, in full_dispatch_request
    rv = self.handle_user_exception(e)
  File "/Users/carmichaelnjoroge/microblog/venv/lib/python3.10/site-packages/flask/app.py", line 917, in full_dispatch_request
    rv = self.dispatch_request()
  File "/Users/carmichaelnjoroge/microblog/venv/lib/python3.10/site-packages/flask/app.py", line 902, in dispatch_request
    return self.ensure_sync(self.view_functions[rule.endpoint])(**view_args)  # type: ignore[no-any-return]
  File "/Users/carmichaelnjoroge/microblog/venv/lib/python3.10/site-packages/flask_login/utils.py", line 290, in decorated_view
    return current_app.ensure_sync(func)(*args, **kwargs)
  File "/Users/carmichaelnjoroge/microblog/app/routes.py", line 22, in index
    posts = current_user.followed_posts().paginate(page, app.config['POSTS_PER_PAGE'], False)
TypeError: Query.paginate() takes 1 positional argument but 4 were given
2025-11-21 16:19:54,883 INFO: Microblog startup [in /Users/carmichaelnjoroge/microblog/app/__init__.py:46]
2025-11-21 16:19:56,779 ERROR: Exception on / [GET] [in /Users/carmichaelnjoroge/microblog/venv/lib/python3.10/site-packages/flask/app.py:875]
Traceback (most recent call last):
  File "/Users/carmichaelnjoroge/microblog/venv/lib/python3.10/site-packages/flask/app.py", line 1511, in wsgi_app
    response = self.full_dispatch_request()
  File "/Users/carmichaelnjoroge/microblog/venv/lib/python3.10/site-packages/flask/app.py", line 919, in full_dispatch_request
    rv = self.handle_user_exception(e)
  File "/Users/carmichaelnjoroge/microblog/venv/lib/python3.10/site-packages/flask/app.py", line 917, in full_dispatch_request
    rv = self.dispatch_request()
  File "/Users/carmichaelnjoroge/microblog/venv/lib/python3.10/site-packages/flask/app.py", line 902, in dispatch_request
    return self.ensure_sync(self.view_functions[rule.endpoint])(**view_args)  # type: ignore[no-any-return]
  File "/Users/carmichaelnjoroge/microblog/venv/lib/python3.10/site-packages/flask_login/utils.py", line 290, in decorated_view
    return current_app.ensure_sync(func)(*args, **kwargs)
  File "/Users/carmichaelnjoroge/microblog/app/routes.py", line 22, in index
    posts = current_user.followed_posts().paginate(page, app.config['POSTS_PER_PAGE'], False)
TypeError: Query.paginate() takes 1 positional argument but 4 were given
2025-11-21 16:20:46,572 INFO: Microblog startup [in /Users/carmichaelnjoroge/microblog/app/__init__.py:46]
2025-11-22 05:57:03,257 INFO: Microblog startup [in /Users/carmichaelnjoroge/microblog/app/__init__.py:46]
2025-11-22 05:58:36,621 INFO: Microblog startup [in /Users/carmichaelnjoroge/microblog/app/__init__.py:46]
2025-11-22 06:35:51,985 INFO: Microblog startup [in /Users/carmichaelnjoroge/microblog/app/__init__.py:46]
2025-11-22 06:39:44,835 INFO: Microblog startup [in /Users/carmichaelnjoroge/microblog/app/__init__.py:46]
2025-11-22 06:41:17,896 INFO: Microblog startup [in /Users/carmichaelnjoroge/microblog/app/__init__.py:46]
2025-11-22 06:46:08,788 INFO: Microblog startup [in /Users/carmichaelnjoroge/microblog/app/__init__.py:46]
2025-11-22 07:06:59,888 INFO: Microblog startup [in /Users/carmichaelnjoroge/microblog/app/__init__.py:48]
2025-11-22 07:13:17,391 INFO: Microblog startup [in /Users/carmichaelnjoroge/microblog/app/__init__.py:48]
2025-11-22 07:19:18,247 INFO: Microblog startup [in /Users/carmichaelnjoroge/microblog/app/__init__.py:48]
2025-11-22 07:22:09,115 INFO: Microblog startup [in /Users/carmichaelnjoroge/microblog/app/__init__.py:48]
2025-11-22 08:08:22,848 INFO: Microblog startup [in /Users/carmichaelnjoroge/microblog/app/__init__.py:48]
2025-11-22 12:00:28,180 INFO: Microblog startup [in /Users/carmichaelnjoroge/microblog/app/__init__.py:48]
2025-11-24 11:38:29,234 INFO: Microblog startup [in /Users/carmichaelnjoroge/microblog/app/__init__.py:48]
2025-11-24 11:39:28,502 ERROR: Exception on /reset_password_request [POST] [in /Users/carmichaelnjoroge/microblog/venv/lib/python3.10/site-packages/flask/app.py:875]
Traceback (most recent call last):
  File "/Users/carmichaelnjoroge/microblog/venv/lib/python3.10/site-packages/flask/app.py", line 1511, in wsgi_app
    response = self.full_dispatch_request()
  File "/Users/carmichaelnjoroge/microblog/venv/lib/python3.10/site-packages/flask/app.py", line 919, in full_dispatch_request
    rv = self.handle_user_exception(e)
  File "/Users/carmichaelnjoroge/microblog/venv/lib/python3.10/site-packages/flask/app.py", line 917, in full_dispatch_request
    rv = self.dispatch_request()
  File "/Users/carmichaelnjoroge/microblog/venv/lib/python3.10/site-packages/flask/app.py", line 902, in dispatch_request
    return self.ensure_sync(self.view_functions[rule.endpoint])(**view_args)  # type: ignore[no-any-return]
  File "/Users/carmichaelnjoroge/microblog/app/routes.py", line 165, in reset_password_request
    send_password_reset_email(user)
  File "/Users/carmichaelnjoroge/microblog/app/email.py", line 14, in send_password_reset_email
    token = user.get_reset_password_token()
  File "/Users/carmichaelnjoroge/microblog/app/models.py", line 71, in get_reset_password_token
    app.config['SECRET_KEY'], algorithm='HS256').decode('utf-8')
AttributeError: 'str' object has no attribute 'decode'
2025-11-24 11:51:14,236 INFO: Microblog startup [in /Users/carmichaelnjoroge/microblog/app/__init__.py:48]
